[20:00:21] [main/INFO]: Loading Minecraft 1.20.1 with Fabric Loader 0.16.9
[20:00:21] [main/INFO]: Loading 47 mods:
	- chunky 1.3.146
	- collective 7.87
	- fabric-api 0.92.2+1.20.1
	   |-- fabric-api-base 0.4.31+1802ada577
	   |-- fabric-api-lookup-api-v1 1.6.36+1802ada577
	   |-- fabric-biome-api-v1 13.0.13+1802ada577
	   |-- fabric-block-api-v1 1.0.11+1802ada577
	   |-- fabric-block-view-api-v2 1.0.1+1802ada577
	   |-- fabric-blockrenderlayer-v1 1.1.41+1802ada577
	   |-- fabric-client-tags-api-v1 1.1.2+1802ada577
	   |-- fabric-command-api-v1 1.2.34+f71b366f77
	   |-- fabric-command-api-v2 2.2.13+1802ada577
	   |-- fabric-commands-v0 0.2.51+df3654b377
	   |-- fabric-containers-v0 0.1.64+df3654b377
	   |-- fabric-content-registries-v0 4.0.11+1802ada577
	   |-- fabric-convention-tags-v1 1.5.5+1802ada577
	   |-- fabric-crash-report-info-v1 0.2.19+1802ada577
	   |-- fabric-data-attachment-api-v1 1.0.0+de0fd6d177
	   |-- fabric-data-generation-api-v1 12.3.4+1802ada577
	   |-- fabric-dimensions-v1 2.1.54+1802ada577
	   |-- fabric-entity-events-v1 1.6.0+1c78457f77
	   |-- fabric-events-interaction-v0 0.6.2+1802ada577
	   |-- fabric-events-lifecycle-v0 0.2.63+df3654b377
	   |-- fabric-game-rule-api-v1 1.0.40+1802ada577
	   |-- fabric-item-api-v1 2.1.28+1802ada577
	   |-- fabric-item-group-api-v1 4.0.12+1802ada577
	   |-- fabric-key-binding-api-v1 1.0.37+1802ada577
	   |-- fabric-keybindings-v0 0.2.35+df3654b377
	   |-- fabric-lifecycle-events-v1 2.2.22+1802ada577
	   |-- fabric-loot-api-v2 1.2.1+1802ada577
	   |-- fabric-loot-tables-v1 1.1.45+9e7660c677
	   |-- fabric-message-api-v1 5.1.9+1802ada577
	   |-- fabric-mining-level-api-v1 2.1.50+1802ada577
	   |-- fabric-model-loading-api-v1 1.0.3+1802ada577
	   |-- fabric-models-v0 0.4.2+9386d8a777
	   |-- fabric-networking-api-v1 1.3.11+1802ada577
	   |-- fabric-networking-v0 0.3.51+df3654b377
	   |-- fabric-object-builder-api-v1 11.1.3+1802ada577
	   |-- fabric-particles-v1 1.1.2+1802ada577
	   |-- fabric-recipe-api-v1 1.0.21+1802ada577
	   |-- fabric-registry-sync-v0 2.3.3+1802ada577
	   |-- fabric-renderer-api-v1 3.2.1+1802ada577
	   |-- fabric-renderer-indigo 1.5.2+85287f9f77
	   |-- fabric-renderer-registries-v1 3.2.46+df3654b377
	   |-- fabric-rendering-data-attachment-v1 0.3.37+92a0d36777
	   |-- fabric-rendering-fluids-v1 3.0.28+1802ada577
	   |-- fabric-rendering-v0 1.1.49+df3654b377
	   |-- fabric-rendering-v1 3.0.8+1802ada577
	   |-- fabric-resource-conditions-api-v1 2.3.8+1802ada577
	   |-- fabric-resource-loader-v0 0.11.10+1802ada577
	   |-- fabric-screen-api-v1 2.0.8+1802ada577
	   |-- fabric-screen-handler-api-v1 1.3.30+1802ada577
	   |-- fabric-sound-api-v1 1.0.13+1802ada577
	   |-- fabric-transfer-api-v1 3.3.5+8dd72ea377
	   \-- fabric-transitive-access-wideners-v1 4.3.1+1802ada577
	- fabricloader 0.16.9
	   \-- mixinextras 0.4.1
	- java 21
	- minecraft 1.20.1
	- reterraforged 0.0.5
[20:00:22] [main/INFO]: SpongePowered MIXIN Subsystem Version=0.8.7 Source=file:/home/minecraft/Server/libraries/net/fabricmc/sponge-mixin/0.15.4+mixin.0.8.7/sponge-mixin-0.15.4+mixin.0.8.7.jar Service=Knot/Fabric Env=SERVER
[20:00:22] [main/INFO]: Compatibility level set to JAVA_17
[20:00:22] [main/INFO]: Disabling Terrablender compat
[20:00:23] [main/INFO]: Initializing MixinExtras via com.llamalad7.mixinextras.service.MixinExtrasServiceImpl(version=0.4.1).
[20:00:37] [main/INFO]: Loading Collective version 7.87.
[20:00:38] [main/INFO]: Environment: authHost='https://authserver.mojang.com', accountsHost='https://api.mojang.com', sessionHost='https://sessionserver.mojang.com', servicesHost='https://api.minecraftservices.com', name='PROD'
[20:00:40] [main/INFO]: [fabric-registry-sync] Loaded registry data [file 1/4]
[20:00:41] [main/INFO]: Loaded 7 recipes
[20:00:42] [main/INFO]: Loaded 1271 advancements
[20:00:42] [main/INFO]: Applied 193 biome modifications to 64 of 64 new biomes in 28.08 ms
[20:00:42] [Server thread/INFO]: Starting minecraft server version 1.20.1
[20:00:42] [Server thread/INFO]: Loading properties
[20:00:42] [Server thread/INFO]: Default game type: SURVIVAL
[20:00:42] [Server thread/INFO]: Generating keypair
[20:00:42] [Server thread/INFO]: Starting Minecraft server on *:25565
[20:00:43] [Server thread/INFO]: Using epoll channel type
[20:00:43] [Server thread/INFO]: Preparing level "Kade Party 2"
[20:00:47] [Server thread/INFO]: Preparing start region for dimension minecraft:overworld
[20:00:52] [Worker-Main-1/INFO]: Preparing spawn area: 0%
[20:00:52] [Worker-Main-1/INFO]: Preparing spawn area: 0%
[20:00:52] [Worker-Main-3/INFO]: Preparing spawn area: 0%
[20:00:53] [Worker-Main-1/INFO]: Preparing spawn area: 0%
[20:00:53] [Worker-Main-3/INFO]: Preparing spawn area: 0%
[20:00:53] [Worker-Main-2/INFO]: Preparing spawn area: 0%
[20:00:53] [Worker-Main-1/INFO]: Preparing spawn area: 0%
[20:00:53] [Worker-Main-1/INFO]: Preparing spawn area: 0%
[20:00:53] [Worker-Main-1/INFO]: Preparing spawn area: 0%
[20:00:53] [Worker-Main-1/INFO]: Preparing spawn area: 0%
[20:00:53] [Worker-Main-1/INFO]: Preparing spawn area: 0%
[20:00:53] [Worker-Main-1/INFO]: Preparing spawn area: 0%
[20:00:53] [Worker-Main-3/INFO]: Preparing spawn area: 0%
[20:00:54] [Worker-Main-3/INFO]: Preparing spawn area: 0%
[20:00:54] [User Authenticator #1/INFO]: UUID of player Kadefrfr is 5591ace1-d993-456a-8a38-886dd3939ec1
[20:00:54] [Worker-Main-2/INFO]: Preparing spawn area: 0%
[20:00:55] [Worker-Main-3/INFO]: Preparing spawn area: 0%
[20:00:55] [Worker-Main-3/INFO]: Preparing spawn area: 0%
[20:00:56] [Worker-Main-3/INFO]: Preparing spawn area: 22%
[20:00:56] [Worker-Main-1/INFO]: Preparing spawn area: 72%
[20:00:56] [Server thread/INFO]: Time elapsed: 9308 ms
[20:00:56] [Server thread/INFO]: Done (13.629s)! For help, type "help"
[20:00:57] [Server thread/INFO]: Kadefrfr[/192.168.0.20:55104] logged in with entity id 292 at (-55.31593404597904, 82.0, -19.69999998807907)
[20:00:57] [Server thread/INFO]: Kadefrfr joined the game
[20:01:33] [Server thread/INFO]: Kadefrfr lost connection: Disconnected
[20:01:33] [Server thread/INFO]: Kadefrfr left the game
[20:01:35] [User Authenticator #2/INFO]: UUID of player Kadefrfr is 5591ace1-d993-456a-8a38-886dd3939ec1
[20:01:35] [Server thread/INFO]: Kadefrfr[/192.168.0.20:55113] logged in with entity id 966 at (-49.29183742676614, 82.0, -13.051352115269314)
[20:01:35] [Server thread/INFO]: Kadefrfr joined the game
[20:02:05] [Server thread/INFO]: Unknown or incomplete command, see below for error
[20:02:05] [Server thread/INFO]: STOP<--[HERE]
[20:02:08] [Server thread/INFO]: Stopping the server
[20:02:08] [Server thread/INFO]: Stopping server
[20:02:08] [Server thread/INFO]: Saving players
[20:02:08] [Server thread/INFO]: Saving worlds
[20:02:10] [Server thread/INFO]: Saving chunks for level 'ServerLevel[Kade Party 2]'/minecraft:overworld
[20:02:12] [Server thread/INFO]: Saving chunks for level 'ServerLevel[Kade Party 2]'/minecraft:the_end
[20:02:12] [Server thread/INFO]: Saving chunks for level 'ServerLevel[Kade Party 2]'/minecraft:the_nether
[20:02:12] [Server thread/INFO]: ThreadedAnvilChunkStorage (Kade Party 2): All chunks are saved
[20:02:12] [Server thread/INFO]: ThreadedAnvilChunkStorage (DIM1): All chunks are saved
[20:02:12] [Server thread/INFO]: ThreadedAnvilChunkStorage (DIM-1): All chunks are saved
[20:02:12] [Server thread/INFO]: ThreadedAnvilChunkStorage: All dimensions are saved
